<?xml version="1.0" encoding="UTF-8"?>
<testsuite name="com.epam.esm.dao.GiftCertificateDaoTest" tests="31" skipped="0" failures="0" errors="0" timestamp="2022-01-29T15:44:39" hostname="VIVOBOOK-S14" time="0.679">
  <properties/>
  <testcase name="shouldReturnGiftCertificateWithTags_On_ReadOneByName()" classname="com.epam.esm.dao.GiftCertificateDaoTest" time="0.316"/>
  <testcase name="shouldReturnFalse_On_ReadOneByName_NotExists()" classname="com.epam.esm.dao.GiftCertificateDaoTest" time="0.013"/>
  <testcase name="shouldReturnAllGiftCertificates_On_ReadTag_Positive()" classname="com.epam.esm.dao.GiftCertificateDaoTest" time="0.014"/>
  <testcase name="shouldReturnAllGiftCertificates_On_ReadTagAndDescription_Negative_ForTagAndDescription()" classname="com.epam.esm.dao.GiftCertificateDaoTest" time="0.015"/>
  <testcase name="shouldReturnAllGiftCertificates_On_ReadTagAndName_Negative_ForName()" classname="com.epam.esm.dao.GiftCertificateDaoTest" time="0.011"/>
  <testcase name="shouldReturnAllGiftCertificates_On_ReadTag_Negative()" classname="com.epam.esm.dao.GiftCertificateDaoTest" time="0.01"/>
  <testcase name="shouldCreateGiftCertificate_On_Create()" classname="com.epam.esm.dao.GiftCertificateDaoTest" time="0.019"/>
  <testcase name="shouldReturnAllGiftCertificates_On_ReadNameAndDescription_Negative_ForNameAndDescription()" classname="com.epam.esm.dao.GiftCertificateDaoTest" time="0.012"/>
  <testcase name="shouldReturnAllGiftCertificates_On_ReadNameAndDescription_Positive()" classname="com.epam.esm.dao.GiftCertificateDaoTest" time="0.01"/>
  <testcase name="shouldReturnAllGiftCertificates_On_ReadTagAndDescription_Negative_ForDescription()" classname="com.epam.esm.dao.GiftCertificateDaoTest" time="0.01"/>
  <testcase name="shouldReturnAllGiftCertificates_On_ReadNameAndDescription_Negative()" classname="com.epam.esm.dao.GiftCertificateDaoTest" time="0.01"/>
  <testcase name="shouldReturnAllGiftCertificates_On_ReadSort_DESC()" classname="com.epam.esm.dao.GiftCertificateDaoTest" time="0.011"/>
  <testcase name="shouldReturnAllGiftCertificates_On_ReadTagAndName_Negative_ForTag()" classname="com.epam.esm.dao.GiftCertificateDaoTest" time="0.011"/>
  <testcase name="shouldReturnAllGiftCertificates_On_ReadDescription_Positive()" classname="com.epam.esm.dao.GiftCertificateDaoTest" time="0.008"/>
  <testcase name="shouldReturnGiftCertificateWithTags_On_ReadOne()" classname="com.epam.esm.dao.GiftCertificateDaoTest" time="0.009"/>
  <testcase name="shouldReturnAllGiftCertificates_On_ReadTagAndName_Positive()" classname="com.epam.esm.dao.GiftCertificateDaoTest" time="0.013"/>
  <testcase name="shouldReturnAllGiftCertificates_On_ReadNameAndDescription_Negative_ForDescription()" classname="com.epam.esm.dao.GiftCertificateDaoTest" time="0.009"/>
  <testcase name="shouldReturnAllGiftCertificates_On_ReadSort_ASC()" classname="com.epam.esm.dao.GiftCertificateDaoTest" time="0.009"/>
  <testcase name="shouldReturnAllGiftCertificates_On_ReadDescription_Negative()" classname="com.epam.esm.dao.GiftCertificateDaoTest" time="0.009"/>
  <testcase name="shouldReturnAllGiftCertificates_On_ReadTagAndDescription_Positive()" classname="com.epam.esm.dao.GiftCertificateDaoTest" time="0.01"/>
  <testcase name="shouldReturnAllGiftCertificates_On_ReadNameAndDescription_Negative_ForName()" classname="com.epam.esm.dao.GiftCertificateDaoTest" time="0.012"/>
  <testcase name="shouldReturnAllGiftCertificates_On_ReadTagAndName_Negative()" classname="com.epam.esm.dao.GiftCertificateDaoTest" time="0.011"/>
  <testcase name="shouldDeleteGiftCertificateById_On_DeleteById()" classname="com.epam.esm.dao.GiftCertificateDaoTest" time="0.013"/>
  <testcase name="shouldReturnAllGiftCertificates_On_ReadTagAndDescription_Negative()" classname="com.epam.esm.dao.GiftCertificateDaoTest" time="0.01"/>
  <testcase name="shouldReturnAllGiftCertificates_On_ReadTagAndDescription_Negative_ForTag()" classname="com.epam.esm.dao.GiftCertificateDaoTest" time="0.011"/>
  <testcase name="shouldUpdateGiftCertificate_On_Update()" classname="com.epam.esm.dao.GiftCertificateDaoTest" time="0.015"/>
  <testcase name="shouldReturnAllGiftCertificates_On_Read()" classname="com.epam.esm.dao.GiftCertificateDaoTest" time="0.009"/>
  <testcase name="shouldReturnAllGiftCertificates_On_ReadTagAndName_Negative_ForTagAndName()" classname="com.epam.esm.dao.GiftCertificateDaoTest" time="0.009"/>
  <testcase name="shouldReturnNull_On_ReadOne_NotExist()" classname="com.epam.esm.dao.GiftCertificateDaoTest" time="0.009"/>
  <testcase name="shouldReturnAllGiftCertificates_On_ReadName()" classname="com.epam.esm.dao.GiftCertificateDaoTest" time="0.01"/>
  <testcase name="shouldReturnAllGiftCertificates_On_ReadName_Negative()" classname="com.epam.esm.dao.GiftCertificateDaoTest" time="0.01"/>
  <system-out><![CDATA[GiftCertificate{id=3, name='g3', description='d3', price=3.0, duration=3, createDate=2022-01-29T15:44:39.725, lastUpdateDate=2022-01-29T15:44:39.725, tags=[Tag{id=1, name='firstTag'}]}
]]></system-out>
  <system-err><![CDATA[SLF4J: Failed to load class "org.slf4j.impl.StaticLoggerBinder".
SLF4J: Defaulting to no-operation (NOP) logger implementation
SLF4J: See http://www.slf4j.org/codes.html#StaticLoggerBinder for further details.
MLog initialization issue: slf4j found no binding or threatened to use its (dangerously silent) NOPLogger. We consider the slf4j library not found.
янв 29, 2022 6:44:39 PM com.mchange.v2.log.MLog 
INFO: MLog clients using java 1.4+ standard logging.
янв 29, 2022 6:44:39 PM com.mchange.v2.c3p0.C3P0Registry 
INFO: Initializing c3p0-0.9.5.5 [built 11-December-2019 22:18:33 -0800; debug? true; trace: 10]
янв 29, 2022 6:44:39 PM com.mchange.v2.c3p0.impl.AbstractPoolBackedDataSource 
INFO: Initializing c3p0 pool... com.mchange.v2.c3p0.ComboPooledDataSource [ acquireIncrement -> 3, acquireRetryAttempts -> 30, acquireRetryDelay -> 1000, autoCommitOnClose -> false, automaticTestTable -> null, breakAfterAcquireFailure -> false, checkoutTimeout -> 0, connectionCustomizerClassName -> null, connectionTesterClassName -> com.mchange.v2.c3p0.impl.DefaultConnectionTester, contextClassLoaderSource -> caller, dataSourceName -> 1hge9flam1a77y1rzzbgh9|4e1e99c8, debugUnreturnedConnectionStackTraces -> false, description -> null, driverClass -> org.h2.Driver, extensions -> {}, factoryClassLocation -> null, forceIgnoreUnresolvedTransactions -> false, forceSynchronousCheckins -> false, forceUseNamedDriverClass -> false, identityToken -> 1hge9flam1a77y1rzzbgh9|4e1e99c8, idleConnectionTestPeriod -> 0, initialPoolSize -> 3, jdbcUrl -> jdbc:h2:mem:certificate, maxAdministrativeTaskTime -> 0, maxConnectionAge -> 0, maxIdleTime -> 0, maxIdleTimeExcessConnections -> 0, maxPoolSize -> 15, maxStatements -> 0, maxStatementsPerConnection -> 0, minPoolSize -> 3, numHelperThreads -> 3, preferredTestQuery -> null, privilegeSpawnedThreads -> false, properties -> {user=******, password=******}, propertyCycle -> 0, statementCacheNumDeferredCloseThreads -> 0, testConnectionOnCheckin -> false, testConnectionOnCheckout -> false, unreturnedConnectionTimeout -> 0, userOverrides -> {}, usesTraditionalReflectiveProxies -> false ]
]]></system-err>
</testsuite>
