<?xml version="1.0" encoding="UTF-8"?>
<testsuite name="com.epam.esm.unit.service.TagServiceImplTest" tests="6" skipped="0" failures="0" errors="0" timestamp="2022-01-19T23:26:14" hostname="VIVOBOOK-S14" time="0.057">
  <properties/>
  <testcase name="shouldThrowNotFoundException_On_DeleteById()" classname="com.epam.esm.unit.service.TagServiceImplTest" time="0.033"/>
  <testcase name="shouldReturnTag_On_ReadOne()" classname="com.epam.esm.unit.service.TagServiceImplTest" time="0.002"/>
  <testcase name="shouldCreateTag_On_Create()" classname="com.epam.esm.unit.service.TagServiceImplTest" time="0.004"/>
  <testcase name="shouldThrowAlreadyExistException_On_Create()" classname="com.epam.esm.unit.service.TagServiceImplTest" time="0.004"/>
  <testcase name="shouldReturnTags_On_ReadAll()" classname="com.epam.esm.unit.service.TagServiceImplTest" time="0.003"/>
  <testcase name="shouldDeleteTag_On_DeleteById()" classname="com.epam.esm.unit.service.TagServiceImplTest" time="0.003"/>
  <system-out><![CDATA[]]></system-out>
  <system-err><![CDATA[]]></system-err>
</testsuite>
